[2024-02-10 07:02:51] local.ERROR: Command "make:auth" is not defined.

Did you mean one of these?
    make:cast
    make:channel
    make:command
    make:component
    make:controller
    make:event
    make:exception
    make:factory
    make:job
    make:listener
    make:mail
    make:middleware
    make:migration
    make:model
    make:notification
    make:observer
    make:policy
    make:provider
    make:request
    make:resource
    make:rule
    make:scope
    make:seeder
    make:test
    make:view {"exception":"[object] (Symfony\\Component\\Console\\Exception\\CommandNotFoundException(code: 0): Command \"make:auth\" is not defined.

Did you mean one of these?
    make:cast
    make:channel
    make:command
    make:component
    make:controller
    make:event
    make:exception
    make:factory
    make:job
    make:listener
    make:mail
    make:middleware
    make:migration
    make:model
    make:notification
    make:observer
    make:policy
    make:provider
    make:request
    make:resource
    make:rule
    make:scope
    make:seeder
    make:test
    make:view at C:\\Users\\rangg\\OneDrive\\Desktop\\OJAN\\app\\sign-skd\\vendor\\symfony\\console\\Application.php:737)
[stacktrace]
#0 C:\\Users\\rangg\\OneDrive\\Desktop\\OJAN\\app\\sign-skd\\vendor\\symfony\\console\\Application.php(266): Symfony\\Component\\Console\\Application->find('make:auth')
#1 C:\\Users\\rangg\\OneDrive\\Desktop\\OJAN\\app\\sign-skd\\vendor\\symfony\\console\\Application.php(175): Symfony\\Component\\Console\\Application->doRun(Object(Symfony\\Component\\Console\\Input\\ArgvInput), Object(Symfony\\Component\\Console\\Output\\ConsoleOutput))
#2 C:\\Users\\rangg\\OneDrive\\Desktop\\OJAN\\app\\sign-skd\\vendor\\laravel\\framework\\src\\Illuminate\\Foundation\\Console\\Kernel.php(201): Symfony\\Component\\Console\\Application->run(Object(Symfony\\Component\\Console\\Input\\ArgvInput), Object(Symfony\\Component\\Console\\Output\\ConsoleOutput))
#3 C:\\Users\\rangg\\OneDrive\\Desktop\\OJAN\\app\\sign-skd\\artisan(35): Illuminate\\Foundation\\Console\\Kernel->handle(Object(Symfony\\Component\\Console\\Input\\ArgvInput), Object(Symfony\\Component\\Console\\Output\\ConsoleOutput))
#4 {main}
"} 
[2024-02-15 11:23:02] local.ERROR: Call to undefined function routeIs() {"view":{"view":"C:\\Users\\rangg\\OneDrive\\Desktop\\OJAN\\project\\sign-skd\\resources\\views\\components\\auth-header.blade.php","data":{"errors":"<pre class=sf-dump id=sf-dump-656649581 data-indent-pad=\"  \"><span class=sf-dump-note>Illuminate\\Support\\ViewErrorBag</span> {<a class=sf-dump-ref>#1297</a><samp data-depth=1 class=sf-dump-expanded>
  #<span class=sf-dump-protected title=\"Protected property\">bags</span>: []
</samp>}
</pre><script>Sfdump(\"sf-dump-656649581\", {\"maxDepth\":3,\"maxStringLength\":160})</script>
"}},"exception":"[object] (Spatie\\LaravelIgnition\\Exceptions\\ViewException(code: 0): Call to undefined function routeIs() at C:\\Users\\rangg\\OneDrive\\Desktop\\OJAN\\project\\sign-skd\\resources\\views\\components\\auth-header.blade.php:2)
[stacktrace]
#0 C:\\Users\\rangg\\OneDrive\\Desktop\\OJAN\\project\\sign-skd\\vendor\\laravel\\framework\\src\\Illuminate\\Filesystem\\Filesystem.php(124): require()
#1 C:\\Users\\rangg\\OneDrive\\Desktop\\OJAN\\project\\sign-skd\\vendor\\laravel\\framework\\src\\Illuminate\\Filesystem\\Filesystem.php(125): Illuminate\\Filesystem\\Filesystem::Illuminate\\Filesystem\\{closure}()
#2 C:\\Users\\rangg\\OneDrive\\Desktop\\OJAN\\project\\sign-skd\\vendor\\laravel\\framework\\src\\Illuminate\\View\\Engines\\PhpEngine.php(58): Illuminate\\Filesystem\\Filesystem->getRequire('C:\\\\Users\\\\rangg\\\\...', Array)
#3 C:\\Users\\rangg\\OneDrive\\Desktop\\OJAN\\project\\sign-skd\\vendor\\laravel\\framework\\src\\Illuminate\\View\\Engines\\CompilerEngine.php(72): Illuminate\\View\\Engines\\PhpEngine->evaluatePath('C:\\\\Users\\\\rangg\\\\...', Array)
#4 C:\\Users\\rangg\\OneDrive\\Desktop\\OJAN\\project\\sign-skd\\vendor\\laravel\\framework\\src\\Illuminate\\View\\View.php(207): Illuminate\\View\\Engines\\CompilerEngine->get('C:\\\\Users\\\\rangg\\\\...', Array)
#5 C:\\Users\\rangg\\OneDrive\\Desktop\\OJAN\\project\\sign-skd\\vendor\\laravel\\framework\\src\\Illuminate\\View\\View.php(190): Illuminate\\View\\View->getContents()
#6 C:\\Users\\rangg\\OneDrive\\Desktop\\OJAN\\project\\sign-skd\\vendor\\laravel\\framework\\src\\Illuminate\\View\\View.php(159): Illuminate\\View\\View->renderContents()
#7 C:\\Users\\rangg\\OneDrive\\Desktop\\OJAN\\project\\sign-skd\\resources\\views\\layouts\\auth.blade.php(42): Illuminate\\View\\View->render()
#8 C:\\Users\\rangg\\OneDrive\\Desktop\\OJAN\\project\\sign-skd\\vendor\\laravel\\framework\\src\\Illuminate\\Filesystem\\Filesystem.php(124): require('C:\\\\Users\\\\rangg\\\\...')
#9 C:\\Users\\rangg\\OneDrive\\Desktop\\OJAN\\project\\sign-skd\\vendor\\laravel\\framework\\src\\Illuminate\\Filesystem\\Filesystem.php(125): Illuminate\\Filesystem\\Filesystem::Illuminate\\Filesystem\\{closure}()
#10 C:\\Users\\rangg\\OneDrive\\Desktop\\OJAN\\project\\sign-skd\\vendor\\laravel\\framework\\src\\Illuminate\\View\\Engines\\PhpEngine.php(58): Illuminate\\Filesystem\\Filesystem->getRequire('C:\\\\Users\\\\rangg\\\\...', Array)
#11 C:\\Users\\rangg\\OneDrive\\Desktop\\OJAN\\project\\sign-skd\\vendor\\laravel\\framework\\src\\Illuminate\\View\\Engines\\CompilerEngine.php(72): Illuminate\\View\\Engines\\PhpEngine->evaluatePath('C:\\\\Users\\\\rangg\\\\...', Array)
#12 C:\\Users\\rangg\\OneDrive\\Desktop\\OJAN\\project\\sign-skd\\vendor\\laravel\\framework\\src\\Illuminate\\View\\View.php(207): Illuminate\\View\\Engines\\CompilerEngine->get('C:\\\\Users\\\\rangg\\\\...', Array)
#13 C:\\Users\\rangg\\OneDrive\\Desktop\\OJAN\\project\\sign-skd\\vendor\\laravel\\framework\\src\\Illuminate\\View\\View.php(190): Illuminate\\View\\View->getContents()
#14 C:\\Users\\rangg\\OneDrive\\Desktop\\OJAN\\project\\sign-skd\\vendor\\laravel\\framework\\src\\Illuminate\\View\\View.php(159): Illuminate\\View\\View->renderContents()
#15 C:\\Users\\rangg\\OneDrive\\Desktop\\OJAN\\project\\sign-skd\\resources\\views\\auth\\login.blade.php(47): Illuminate\\View\\View->render()
#16 C:\\Users\\rangg\\OneDrive\\Desktop\\OJAN\\project\\sign-skd\\vendor\\laravel\\framework\\src\\Illuminate\\Filesystem\\Filesystem.php(124): require('C:\\\\Users\\\\rangg\\\\...')
#17 C:\\Users\\rangg\\OneDrive\\Desktop\\OJAN\\project\\sign-skd\\vendor\\laravel\\framework\\src\\Illuminate\\Filesystem\\Filesystem.php(125): Illuminate\\Filesystem\\Filesystem::Illuminate\\Filesystem\\{closure}()
#18 C:\\Users\\rangg\\OneDrive\\Desktop\\OJAN\\project\\sign-skd\\vendor\\laravel\\framework\\src\\Illuminate\\View\\Engines\\PhpEngine.php(58): Illuminate\\Filesystem\\Filesystem->getRequire('C:\\\\Users\\\\rangg\\\\...', Array)
#19 C:\\Users\\rangg\\OneDrive\\Desktop\\OJAN\\project\\sign-skd\\vendor\\laravel\\framework\\src\\Illuminate\\View\\Engines\\CompilerEngine.php(72): Illuminate\\View\\Engines\\PhpEngine->evaluatePath('C:\\\\Users\\\\rangg\\\\...', Array)
#20 C:\\Users\\rangg\\OneDrive\\Desktop\\OJAN\\project\\sign-skd\\vendor\\laravel\\framework\\src\\Illuminate\\View\\View.php(207): Illuminate\\View\\Engines\\CompilerEngine->get('C:\\\\Users\\\\rangg\\\\...', Array)
#21 C:\\Users\\rangg\\OneDrive\\Desktop\\OJAN\\project\\sign-skd\\vendor\\laravel\\framework\\src\\Illuminate\\View\\View.php(190): Illuminate\\View\\View->getContents()
#22 C:\\Users\\rangg\\OneDrive\\Desktop\\OJAN\\project\\sign-skd\\vendor\\laravel\\framework\\src\\Illuminate\\View\\View.php(159): Illuminate\\View\\View->renderContents()
#23 C:\\Users\\rangg\\OneDrive\\Desktop\\OJAN\\project\\sign-skd\\vendor\\laravel\\framework\\src\\Illuminate\\Http\\Response.php(69): Illuminate\\View\\View->render()
#24 C:\\Users\\rangg\\OneDrive\\Desktop\\OJAN\\project\\sign-skd\\vendor\\laravel\\framework\\src\\Illuminate\\Http\\Response.php(35): Illuminate\\Http\\Response->setContent(Object(Illuminate\\View\\View))
#25 C:\\Users\\rangg\\OneDrive\\Desktop\\OJAN\\project\\sign-skd\\vendor\\laravel\\framework\\src\\Illuminate\\Routing\\Router.php(918): Illuminate\\Http\\Response->__construct(Object(Illuminate\\View\\View), 200, Array)
#26 C:\\Users\\rangg\\OneDrive\\Desktop\\OJAN\\project\\sign-skd\\vendor\\laravel\\framework\\src\\Illuminate\\Routing\\Router.php(885): Illuminate\\Routing\\Router::toResponse(Object(Illuminate\\Http\\Request), Object(Illuminate\\View\\View))
#27 C:\\Users\\rangg\\OneDrive\\Desktop\\OJAN\\project\\sign-skd\\vendor\\laravel\\framework\\src\\Illuminate\\Routing\\Router.php(805): Illuminate\\Routing\\Router->prepareResponse(Object(Illuminate\\Http\\Request), Object(Illuminate\\View\\View))
#28 C:\\Users\\rangg\\OneDrive\\Desktop\\OJAN\\project\\sign-skd\\vendor\\laravel\\framework\\src\\Illuminate\\Pipeline\\Pipeline.php(144): Illuminate\\Routing\\Router->Illuminate\\Routing\\{closure}(Object(Illuminate\\Http\\Request))
#29 C:\\Users\\rangg\\OneDrive\\Desktop\\OJAN\\project\\sign-skd\\app\\Http\\Middleware\\RedirectIfAuthenticated.php(30): Illuminate\\Pipeline\\Pipeline->Illuminate\\Pipeline\\{closure}(Object(Illuminate\\Http\\Request))
#30 C:\\Users\\rangg\\OneDrive\\Desktop\\OJAN\\project\\sign-skd\\vendor\\laravel\\framework\\src\\Illuminate\\Pipeline\\Pipeline.php(183): App\\Http\\Middleware\\RedirectIfAuthenticated->handle(Object(Illuminate\\Http\\Request), Object(Closure))
#31 C:\\Users\\rangg\\OneDrive\\Desktop\\OJAN\\project\\sign-skd\\vendor\\laravel\\framework\\src\\Illuminate\\Routing\\Middleware\\SubstituteBindings.php(50): Illuminate\\Pipeline\\Pipeline->Illuminate\\Pipeline\\{closure}(Object(Illuminate\\Http\\Request))
#32 C:\\Users\\rangg\\OneDrive\\Desktop\\OJAN\\project\\sign-skd\\vendor\\laravel\\framework\\src\\Illuminate\\Pipeline\\Pipeline.php(183): Illuminate\\Routing\\Middleware\\SubstituteBindings->handle(Object(Illuminate\\Http\\Request), Object(Closure))
#33 C:\\Users\\rangg\\OneDrive\\Desktop\\OJAN\\project\\sign-skd\\vendor\\laravel\\framework\\src\\Illuminate\\Foundation\\Http\\Middleware\\VerifyCsrfToken.php(78): Illuminate\\Pipeline\\Pipeline->Illuminate\\Pipeline\\{closure}(Object(Illuminate\\Http\\Request))
#34 C:\\Users\\rangg\\OneDrive\\Desktop\\OJAN\\project\\sign-skd\\vendor\\laravel\\framework\\src\\Illuminate\\Pipeline\\Pipeline.php(183): Illuminate\\Foundation\\Http\\Middleware\\VerifyCsrfToken->handle(Object(Illuminate\\Http\\Request), Object(Closure))
#35 C:\\Users\\rangg\\OneDrive\\Desktop\\OJAN\\project\\sign-skd\\vendor\\laravel\\framework\\src\\Illuminate\\View\\Middleware\\ShareErrorsFromSession.php(49): Illuminate\\Pipeline\\Pipeline->Illuminate\\Pipeline\\{closure}(Object(Illuminate\\Http\\Request))
#36 C:\\Users\\rangg\\OneDrive\\Desktop\\OJAN\\project\\sign-skd\\vendor\\laravel\\framework\\src\\Illuminate\\Pipeline\\Pipeline.php(183): Illuminate\\View\\Middleware\\ShareErrorsFromSession->handle(Object(Illuminate\\Http\\Request), Object(Closure))
#37 C:\\Users\\rangg\\OneDrive\\Desktop\\OJAN\\project\\sign-skd\\vendor\\laravel\\framework\\src\\Illuminate\\Session\\Middleware\\StartSession.php(121): Illuminate\\Pipeline\\Pipeline->Illuminate\\Pipeline\\{closure}(Object(Illuminate\\Http\\Request))
#38 C:\\Users\\rangg\\OneDrive\\Desktop\\OJAN\\project\\sign-skd\\vendor\\laravel\\framework\\src\\Illuminate\\Session\\Middleware\\StartSession.php(64): Illuminate\\Session\\Middleware\\StartSession->handleStatefulRequest(Object(Illuminate\\Http\\Request), Object(Illuminate\\Session\\Store), Object(Closure))
#39 C:\\Users\\rangg\\OneDrive\\Desktop\\OJAN\\project\\sign-skd\\vendor\\laravel\\framework\\src\\Illuminate\\Pipeline\\Pipeline.php(183): Illuminate\\Session\\Middleware\\StartSession->handle(Object(Illuminate\\Http\\Request), Object(Closure))
#40 C:\\Users\\rangg\\OneDrive\\Desktop\\OJAN\\project\\sign-skd\\vendor\\laravel\\framework\\src\\Illuminate\\Cookie\\Middleware\\AddQueuedCookiesToResponse.php(37): Illuminate\\Pipeline\\Pipeline->Illuminate\\Pipeline\\{closure}(Object(Illuminate\\Http\\Request))
#41 C:\\Users\\rangg\\OneDrive\\Desktop\\OJAN\\project\\sign-skd\\vendor\\laravel\\framework\\src\\Illuminate\\Pipeline\\Pipeline.php(183): Illuminate\\Cookie\\Middleware\\AddQueuedCookiesToResponse->handle(Object(Illuminate\\Http\\Request), Object(Closure))
#42 C:\\Users\\rangg\\OneDrive\\Desktop\\OJAN\\project\\sign-skd\\vendor\\laravel\\framework\\src\\Illuminate\\Cookie\\Middleware\\EncryptCookies.php(67): Illuminate\\Pipeline\\Pipeline->Illuminate\\Pipeline\\{closure}(Object(Illuminate\\Http\\Request))
#43 C:\\Users\\rangg\\OneDrive\\Desktop\\OJAN\\project\\sign-skd\\vendor\\laravel\\framework\\src\\Illuminate\\Pipeline\\Pipeline.php(183): Illuminate\\Cookie\\Middleware\\EncryptCookies->handle(Object(Illuminate\\Http\\Request), Object(Closure))
#44 C:\\Users\\rangg\\OneDrive\\Desktop\\OJAN\\project\\sign-skd\\vendor\\laravel\\framework\\src\\Illuminate\\Pipeline\\Pipeline.php(119): Illuminate\\Pipeline\\Pipeline->Illuminate\\Pipeline\\{closure}(Object(Illuminate\\Http\\Request))
#45 C:\\Users\\rangg\\OneDrive\\Desktop\\OJAN\\project\\sign-skd\\vendor\\laravel\\framework\\src\\Illuminate\\Routing\\Router.php(805): Illuminate\\Pipeline\\Pipeline->then(Object(Closure))
#46 C:\\Users\\rangg\\OneDrive\\Desktop\\OJAN\\project\\sign-skd\\vendor\\laravel\\framework\\src\\Illuminate\\Routing\\Router.php(784): Illuminate\\Routing\\Router->runRouteWithinStack(Object(Illuminate\\Routing\\Route), Object(Illuminate\\Http\\Request))
#47 C:\\Users\\rangg\\OneDrive\\Desktop\\OJAN\\project\\sign-skd\\vendor\\laravel\\framework\\src\\Illuminate\\Routing\\Router.php(748): Illuminate\\Routing\\Router->runRoute(Object(Illuminate\\Http\\Request), Object(Illuminate\\Routing\\Route))
#48 C:\\Users\\rangg\\OneDrive\\Desktop\\OJAN\\project\\sign-skd\\vendor\\laravel\\framework\\src\\Illuminate\\Routing\\Router.php(737): Illuminate\\Routing\\Router->dispatchToRoute(Object(Illuminate\\Http\\Request))
#49 C:\\Users\\rangg\\OneDrive\\Desktop\\OJAN\\project\\sign-skd\\vendor\\laravel\\framework\\src\\Illuminate\\Foundation\\Http\\Kernel.php(200): Illuminate\\Routing\\Router->dispatch(Object(Illuminate\\Http\\Request))
#50 C:\\Users\\rangg\\OneDrive\\Desktop\\OJAN\\project\\sign-skd\\vendor\\laravel\\framework\\src\\Illuminate\\Pipeline\\Pipeline.php(144): Illuminate\\Foundation\\Http\\Kernel->Illuminate\\Foundation\\Http\\{closure}(Object(Illuminate\\Http\\Request))
#51 C:\\Users\\rangg\\OneDrive\\Desktop\\OJAN\\project\\sign-skd\\vendor\\laravel\\framework\\src\\Illuminate\\Foundation\\Http\\Middleware\\TransformsRequest.php(21): Illuminate\\Pipeline\\Pipeline->Illuminate\\Pipeline\\{closure}(Object(Illuminate\\Http\\Request))
#52 C:\\Users\\rangg\\OneDrive\\Desktop\\OJAN\\project\\sign-skd\\vendor\\laravel\\framework\\src\\Illuminate\\Foundation\\Http\\Middleware\\ConvertEmptyStringsToNull.php(31): Illuminate\\Foundation\\Http\\Middleware\\TransformsRequest->handle(Object(Illuminate\\Http\\Request), Object(Closure))
#53 C:\\Users\\rangg\\OneDrive\\Desktop\\OJAN\\project\\sign-skd\\vendor\\laravel\\framework\\src\\Illuminate\\Pipeline\\Pipeline.php(183): Illuminate\\Foundation\\Http\\Middleware\\ConvertEmptyStringsToNull->handle(Object(Illuminate\\Http\\Request), Object(Closure))
#54 C:\\Users\\rangg\\OneDrive\\Desktop\\OJAN\\project\\sign-skd\\vendor\\laravel\\framework\\src\\Illuminate\\Foundation\\Http\\Middleware\\TransformsRequest.php(21): Illuminate\\Pipeline\\Pipeline->Illuminate\\Pipeline\\{closure}(Object(Illuminate\\Http\\Request))
#55 C:\\Users\\rangg\\OneDrive\\Desktop\\OJAN\\project\\sign-skd\\vendor\\laravel\\framework\\src\\Illuminate\\Foundation\\Http\\Middleware\\TrimStrings.php(40): Illuminate\\Foundation\\Http\\Middleware\\TransformsRequest->handle(Object(Illuminate\\Http\\Request), Object(Closure))
#56 C:\\Users\\rangg\\OneDrive\\Desktop\\OJAN\\project\\sign-skd\\vendor\\laravel\\framework\\src\\Illuminate\\Pipeline\\Pipeline.php(183): Illuminate\\Foundation\\Http\\Middleware\\TrimStrings->handle(Object(Illuminate\\Http\\Request), Object(Closure))
#57 C:\\Users\\rangg\\OneDrive\\Desktop\\OJAN\\project\\sign-skd\\vendor\\laravel\\framework\\src\\Illuminate\\Foundation\\Http\\Middleware\\ValidatePostSize.php(27): Illuminate\\Pipeline\\Pipeline->Illuminate\\Pipeline\\{closure}(Object(Illuminate\\Http\\Request))
#58 C:\\Users\\rangg\\OneDrive\\Desktop\\OJAN\\project\\sign-skd\\vendor\\laravel\\framework\\src\\Illuminate\\Pipeline\\Pipeline.php(183): Illuminate\\Foundation\\Http\\Middleware\\ValidatePostSize->handle(Object(Illuminate\\Http\\Request), Object(Closure))
#59 C:\\Users\\rangg\\OneDrive\\Desktop\\OJAN\\project\\sign-skd\\vendor\\laravel\\framework\\src\\Illuminate\\Foundation\\Http\\Middleware\\PreventRequestsDuringMaintenance.php(99): Illuminate\\Pipeline\\Pipeline->Illuminate\\Pipeline\\{closure}(Object(Illuminate\\Http\\Request))
#60 C:\\Users\\rangg\\OneDrive\\Desktop\\OJAN\\project\\sign-skd\\vendor\\laravel\\framework\\src\\Illuminate\\Pipeline\\Pipeline.php(183): Illuminate\\Foundation\\Http\\Middleware\\PreventRequestsDuringMaintenance->handle(Object(Illuminate\\Http\\Request), Object(Closure))
#61 C:\\Users\\rangg\\OneDrive\\Desktop\\OJAN\\project\\sign-skd\\vendor\\laravel\\framework\\src\\Illuminate\\Http\\Middleware\\HandleCors.php(49): Illuminate\\Pipeline\\Pipeline->Illuminate\\Pipeline\\{closure}(Object(Illuminate\\Http\\Request))
#62 C:\\Users\\rangg\\OneDrive\\Desktop\\OJAN\\project\\sign-skd\\vendor\\laravel\\framework\\src\\Illuminate\\Pipeline\\Pipeline.php(183): Illuminate\\Http\\Middleware\\HandleCors->handle(Object(Illuminate\\Http\\Request), Object(Closure))
#63 C:\\Users\\rangg\\OneDrive\\Desktop\\OJAN\\project\\sign-skd\\vendor\\laravel\\framework\\src\\Illuminate\\Http\\Middleware\\TrustProxies.php(39): Illuminate\\Pipeline\\Pipeline->Illuminate\\Pipeline\\{closure}(Object(Illuminate\\Http\\Request))
#64 C:\\Users\\rangg\\OneDrive\\Desktop\\OJAN\\project\\sign-skd\\vendor\\laravel\\framework\\src\\Illuminate\\Pipeline\\Pipeline.php(183): Illuminate\\Http\\Middleware\\TrustProxies->handle(Object(Illuminate\\Http\\Request), Object(Closure))
#65 C:\\Users\\rangg\\OneDrive\\Desktop\\OJAN\\project\\sign-skd\\vendor\\laravel\\framework\\src\\Illuminate\\Pipeline\\Pipeline.php(119): Illuminate\\Pipeline\\Pipeline->Illuminate\\Pipeline\\{closure}(Object(Illuminate\\Http\\Request))
#66 C:\\Users\\rangg\\OneDrive\\Desktop\\OJAN\\project\\sign-skd\\vendor\\laravel\\framework\\src\\Illuminate\\Foundation\\Http\\Kernel.php(175): Illuminate\\Pipeline\\Pipeline->then(Object(Closure))
#67 C:\\Users\\rangg\\OneDrive\\Desktop\\OJAN\\project\\sign-skd\\vendor\\laravel\\framework\\src\\Illuminate\\Foundation\\Http\\Kernel.php(144): Illuminate\\Foundation\\Http\\Kernel->sendRequestThroughRouter(Object(Illuminate\\Http\\Request))
#68 C:\\Users\\rangg\\OneDrive\\Desktop\\OJAN\\project\\sign-skd\\public\\index.php(51): Illuminate\\Foundation\\Http\\Kernel->handle(Object(Illuminate\\Http\\Request))
#69 C:\\Users\\rangg\\OneDrive\\Desktop\\OJAN\\project\\sign-skd\\vendor\\laravel\\framework\\src\\Illuminate\\Foundation\\resources\\server.php(16): require_once('C:\\\\Users\\\\rangg\\\\...')
#70 {main}

[previous exception] [object] (Error(code: 0): Call to undefined function routeIs() at C:\\Users\\rangg\\OneDrive\\Desktop\\OJAN\\project\\sign-skd\\storage\\framework\\views\\e3e4e4858f7ae9d3d1d6b2bdc0f7c60a.php:2)
[stacktrace]
#0 C:\\Users\\rangg\\OneDrive\\Desktop\\OJAN\\project\\sign-skd\\vendor\\laravel\\framework\\src\\Illuminate\\Filesystem\\Filesystem.php(124): require()
#1 C:\\Users\\rangg\\OneDrive\\Desktop\\OJAN\\project\\sign-skd\\vendor\\laravel\\framework\\src\\Illuminate\\Filesystem\\Filesystem.php(125): Illuminate\\Filesystem\\Filesystem::Illuminate\\Filesystem\\{closure}()
#2 C:\\Users\\rangg\\OneDrive\\Desktop\\OJAN\\project\\sign-skd\\vendor\\laravel\\framework\\src\\Illuminate\\View\\Engines\\PhpEngine.php(58): Illuminate\\Filesystem\\Filesystem->getRequire('C:\\\\Users\\\\rangg\\\\...', Array)
#3 C:\\Users\\rangg\\OneDrive\\Desktop\\OJAN\\project\\sign-skd\\vendor\\laravel\\framework\\src\\Illuminate\\View\\Engines\\CompilerEngine.php(72): Illuminate\\View\\Engines\\PhpEngine->evaluatePath('C:\\\\Users\\\\rangg\\\\...', Array)
#4 C:\\Users\\rangg\\OneDrive\\Desktop\\OJAN\\project\\sign-skd\\vendor\\laravel\\framework\\src\\Illuminate\\View\\View.php(207): Illuminate\\View\\Engines\\CompilerEngine->get('C:\\\\Users\\\\rangg\\\\...', Array)
#5 C:\\Users\\rangg\\OneDrive\\Desktop\\OJAN\\project\\sign-skd\\vendor\\laravel\\framework\\src\\Illuminate\\View\\View.php(190): Illuminate\\View\\View->getContents()
#6 C:\\Users\\rangg\\OneDrive\\Desktop\\OJAN\\project\\sign-skd\\vendor\\laravel\\framework\\src\\Illuminate\\View\\View.php(159): Illuminate\\View\\View->renderContents()
#7 C:\\Users\\rangg\\OneDrive\\Desktop\\OJAN\\project\\sign-skd\\storage\\framework\\views\\7d54899859a1190bde4bdb3f3315707b.php(42): Illuminate\\View\\View->render()
#8 C:\\Users\\rangg\\OneDrive\\Desktop\\OJAN\\project\\sign-skd\\vendor\\laravel\\framework\\src\\Illuminate\\Filesystem\\Filesystem.php(124): require('C:\\\\Users\\\\rangg\\\\...')
#9 C:\\Users\\rangg\\OneDrive\\Desktop\\OJAN\\project\\sign-skd\\vendor\\laravel\\framework\\src\\Illuminate\\Filesystem\\Filesystem.php(125): Illuminate\\Filesystem\\Filesystem::Illuminate\\Filesystem\\{closure}()
#10 C:\\Users\\rangg\\OneDrive\\Desktop\\OJAN\\project\\sign-skd\\vendor\\laravel\\framework\\src\\Illuminate\\View\\Engines\\PhpEngine.php(58): Illuminate\\Filesystem\\Filesystem->getRequire('C:\\\\Users\\\\rangg\\\\...', Array)
#11 C:\\Users\\rangg\\OneDrive\\Desktop\\OJAN\\project\\sign-skd\\vendor\\laravel\\framework\\src\\Illuminate\\View\\Engines\\CompilerEngine.php(72): Illuminate\\View\\Engines\\PhpEngine->evaluatePath('C:\\\\Users\\\\rangg\\\\...', Array)
#12 C:\\Users\\rangg\\OneDrive\\Desktop\\OJAN\\project\\sign-skd\\vendor\\laravel\\framework\\src\\Illuminate\\View\\View.php(207): Illuminate\\View\\Engines\\CompilerEngine->get('C:\\\\Users\\\\rangg\\\\...', Array)
#13 C:\\Users\\rangg\\OneDrive\\Desktop\\OJAN\\project\\sign-skd\\vendor\\laravel\\framework\\src\\Illuminate\\View\\View.php(190): Illuminate\\View\\View->getContents()
#14 C:\\Users\\rangg\\OneDrive\\Desktop\\OJAN\\project\\sign-skd\\vendor\\laravel\\framework\\src\\Illuminate\\View\\View.php(159): Illuminate\\View\\View->renderContents()
#15 C:\\Users\\rangg\\OneDrive\\Desktop\\OJAN\\project\\sign-skd\\storage\\framework\\views\\ebdff340b71528db85fa9546d5a8cfaf.php(77): Illuminate\\View\\View->render()
#16 C:\\Users\\rangg\\OneDrive\\Desktop\\OJAN\\project\\sign-skd\\vendor\\laravel\\framework\\src\\Illuminate\\Filesystem\\Filesystem.php(124): require('C:\\\\Users\\\\rangg\\\\...')
#17 C:\\Users\\rangg\\OneDrive\\Desktop\\OJAN\\project\\sign-skd\\vendor\\laravel\\framework\\src\\Illuminate\\Filesystem\\Filesystem.php(125): Illuminate\\Filesystem\\Filesystem::Illuminate\\Filesystem\\{closure}()
#18 C:\\Users\\rangg\\OneDrive\\Desktop\\OJAN\\project\\sign-skd\\vendor\\laravel\\framework\\src\\Illuminate\\View\\Engines\\PhpEngine.php(58): Illuminate\\Filesystem\\Filesystem->getRequire('C:\\\\Users\\\\rangg\\\\...', Array)
#19 C:\\Users\\rangg\\OneDrive\\Desktop\\OJAN\\project\\sign-skd\\vendor\\laravel\\framework\\src\\Illuminate\\View\\Engines\\CompilerEngine.php(72): Illuminate\\View\\Engines\\PhpEngine->evaluatePath('C:\\\\Users\\\\rangg\\\\...', Array)
#20 C:\\Users\\rangg\\OneDrive\\Desktop\\OJAN\\project\\sign-skd\\vendor\\laravel\\framework\\src\\Illuminate\\View\\View.php(207): Illuminate\\View\\Engines\\CompilerEngine->get('C:\\\\Users\\\\rangg\\\\...', Array)
#21 C:\\Users\\rangg\\OneDrive\\Desktop\\OJAN\\project\\sign-skd\\vendor\\laravel\\framework\\src\\Illuminate\\View\\View.php(190): Illuminate\\View\\View->getContents()
#22 C:\\Users\\rangg\\OneDrive\\Desktop\\OJAN\\project\\sign-skd\\vendor\\laravel\\framework\\src\\Illuminate\\View\\View.php(159): Illuminate\\View\\View->renderContents()
#23 C:\\Users\\rangg\\OneDrive\\Desktop\\OJAN\\project\\sign-skd\\vendor\\laravel\\framework\\src\\Illuminate\\Http\\Response.php(69): Illuminate\\View\\View->render()
#24 C:\\Users\\rangg\\OneDrive\\Desktop\\OJAN\\project\\sign-skd\\vendor\\laravel\\framework\\src\\Illuminate\\Http\\Response.php(35): Illuminate\\Http\\Response->setContent(Object(Illuminate\\View\\View))
#25 C:\\Users\\rangg\\OneDrive\\Desktop\\OJAN\\project\\sign-skd\\vendor\\laravel\\framework\\src\\Illuminate\\Routing\\Router.php(918): Illuminate\\Http\\Response->__construct(Object(Illuminate\\View\\View), 200, Array)
#26 C:\\Users\\rangg\\OneDrive\\Desktop\\OJAN\\project\\sign-skd\\vendor\\laravel\\framework\\src\\Illuminate\\Routing\\Router.php(885): Illuminate\\Routing\\Router::toResponse(Object(Illuminate\\Http\\Request), Object(Illuminate\\View\\View))
#27 C:\\Users\\rangg\\OneDrive\\Desktop\\OJAN\\project\\sign-skd\\vendor\\laravel\\framework\\src\\Illuminate\\Routing\\Router.php(805): Illuminate\\Routing\\Router->prepareResponse(Object(Illuminate\\Http\\Request), Object(Illuminate\\View\\View))
#28 C:\\Users\\rangg\\OneDrive\\Desktop\\OJAN\\project\\sign-skd\\vendor\\laravel\\framework\\src\\Illuminate\\Pipeline\\Pipeline.php(144): Illuminate\\Routing\\Router->Illuminate\\Routing\\{closure}(Object(Illuminate\\Http\\Request))
#29 C:\\Users\\rangg\\OneDrive\\Desktop\\OJAN\\project\\sign-skd\\app\\Http\\Middleware\\RedirectIfAuthenticated.php(30): Illuminate\\Pipeline\\Pipeline->Illuminate\\Pipeline\\{closure}(Object(Illuminate\\Http\\Request))
#30 C:\\Users\\rangg\\OneDrive\\Desktop\\OJAN\\project\\sign-skd\\vendor\\laravel\\framework\\src\\Illuminate\\Pipeline\\Pipeline.php(183): App\\Http\\Middleware\\RedirectIfAuthenticated->handle(Object(Illuminate\\Http\\Request), Object(Closure))
#31 C:\\Users\\rangg\\OneDrive\\Desktop\\OJAN\\project\\sign-skd\\vendor\\laravel\\framework\\src\\Illuminate\\Routing\\Middleware\\SubstituteBindings.php(50): Illuminate\\Pipeline\\Pipeline->Illuminate\\Pipeline\\{closure}(Object(Illuminate\\Http\\Request))
#32 C:\\Users\\rangg\\OneDrive\\Desktop\\OJAN\\project\\sign-skd\\vendor\\laravel\\framework\\src\\Illuminate\\Pipeline\\Pipeline.php(183): Illuminate\\Routing\\Middleware\\SubstituteBindings->handle(Object(Illuminate\\Http\\Request), Object(Closure))
#33 C:\\Users\\rangg\\OneDrive\\Desktop\\OJAN\\project\\sign-skd\\vendor\\laravel\\framework\\src\\Illuminate\\Foundation\\Http\\Middleware\\VerifyCsrfToken.php(78): Illuminate\\Pipeline\\Pipeline->Illuminate\\Pipeline\\{closure}(Object(Illuminate\\Http\\Request))
#34 C:\\Users\\rangg\\OneDrive\\Desktop\\OJAN\\project\\sign-skd\\vendor\\laravel\\framework\\src\\Illuminate\\Pipeline\\Pipeline.php(183): Illuminate\\Foundation\\Http\\Middleware\\VerifyCsrfToken->handle(Object(Illuminate\\Http\\Request), Object(Closure))
#35 C:\\Users\\rangg\\OneDrive\\Desktop\\OJAN\\project\\sign-skd\\vendor\\laravel\\framework\\src\\Illuminate\\View\\Middleware\\ShareErrorsFromSession.php(49): Illuminate\\Pipeline\\Pipeline->Illuminate\\Pipeline\\{closure}(Object(Illuminate\\Http\\Request))
#36 C:\\Users\\rangg\\OneDrive\\Desktop\\OJAN\\project\\sign-skd\\vendor\\laravel\\framework\\src\\Illuminate\\Pipeline\\Pipeline.php(183): Illuminate\\View\\Middleware\\ShareErrorsFromSession->handle(Object(Illuminate\\Http\\Request), Object(Closure))
#37 C:\\Users\\rangg\\OneDrive\\Desktop\\OJAN\\project\\sign-skd\\vendor\\laravel\\framework\\src\\Illuminate\\Session\\Middleware\\StartSession.php(121): Illuminate\\Pipeline\\Pipeline->Illuminate\\Pipeline\\{closure}(Object(Illuminate\\Http\\Request))
#38 C:\\Users\\rangg\\OneDrive\\Desktop\\OJAN\\project\\sign-skd\\vendor\\laravel\\framework\\src\\Illuminate\\Session\\Middleware\\StartSession.php(64): Illuminate\\Session\\Middleware\\StartSession->handleStatefulRequest(Object(Illuminate\\Http\\Request), Object(Illuminate\\Session\\Store), Object(Closure))
#39 C:\\Users\\rangg\\OneDrive\\Desktop\\OJAN\\project\\sign-skd\\vendor\\laravel\\framework\\src\\Illuminate\\Pipeline\\Pipeline.php(183): Illuminate\\Session\\Middleware\\StartSession->handle(Object(Illuminate\\Http\\Request), Object(Closure))
#40 C:\\Users\\rangg\\OneDrive\\Desktop\\OJAN\\project\\sign-skd\\vendor\\laravel\\framework\\src\\Illuminate\\Cookie\\Middleware\\AddQueuedCookiesToResponse.php(37): Illuminate\\Pipeline\\Pipeline->Illuminate\\Pipeline\\{closure}(Object(Illuminate\\Http\\Request))
#41 C:\\Users\\rangg\\OneDrive\\Desktop\\OJAN\\project\\sign-skd\\vendor\\laravel\\framework\\src\\Illuminate\\Pipeline\\Pipeline.php(183): Illuminate\\Cookie\\Middleware\\AddQueuedCookiesToResponse->handle(Object(Illuminate\\Http\\Request), Object(Closure))
#42 C:\\Users\\rangg\\OneDrive\\Desktop\\OJAN\\project\\sign-skd\\vendor\\laravel\\framework\\src\\Illuminate\\Cookie\\Middleware\\EncryptCookies.php(67): Illuminate\\Pipeline\\Pipeline->Illuminate\\Pipeline\\{closure}(Object(Illuminate\\Http\\Request))
#43 C:\\Users\\rangg\\OneDrive\\Desktop\\OJAN\\project\\sign-skd\\vendor\\laravel\\framework\\src\\Illuminate\\Pipeline\\Pipeline.php(183): Illuminate\\Cookie\\Middleware\\EncryptCookies->handle(Object(Illuminate\\Http\\Request), Object(Closure))
#44 C:\\Users\\rangg\\OneDrive\\Desktop\\OJAN\\project\\sign-skd\\vendor\\laravel\\framework\\src\\Illuminate\\Pipeline\\Pipeline.php(119): Illuminate\\Pipeline\\Pipeline->Illuminate\\Pipeline\\{closure}(Object(Illuminate\\Http\\Request))
#45 C:\\Users\\rangg\\OneDrive\\Desktop\\OJAN\\project\\sign-skd\\vendor\\laravel\\framework\\src\\Illuminate\\Routing\\Router.php(805): Illuminate\\Pipeline\\Pipeline->then(Object(Closure))
#46 C:\\Users\\rangg\\OneDrive\\Desktop\\OJAN\\project\\sign-skd\\vendor\\laravel\\framework\\src\\Illuminate\\Routing\\Router.php(784): Illuminate\\Routing\\Router->runRouteWithinStack(Object(Illuminate\\Routing\\Route), Object(Illuminate\\Http\\Request))
#47 C:\\Users\\rangg\\OneDrive\\Desktop\\OJAN\\project\\sign-skd\\vendor\\laravel\\framework\\src\\Illuminate\\Routing\\Router.php(748): Illuminate\\Routing\\Router->runRoute(Object(Illuminate\\Http\\Request), Object(Illuminate\\Routing\\Route))
#48 C:\\Users\\rangg\\OneDrive\\Desktop\\OJAN\\project\\sign-skd\\vendor\\laravel\\framework\\src\\Illuminate\\Routing\\Router.php(737): Illuminate\\Routing\\Router->dispatchToRoute(Object(Illuminate\\Http\\Request))
#49 C:\\Users\\rangg\\OneDrive\\Desktop\\OJAN\\project\\sign-skd\\vendor\\laravel\\framework\\src\\Illuminate\\Foundation\\Http\\Kernel.php(200): Illuminate\\Routing\\Router->dispatch(Object(Illuminate\\Http\\Request))
#50 C:\\Users\\rangg\\OneDrive\\Desktop\\OJAN\\project\\sign-skd\\vendor\\laravel\\framework\\src\\Illuminate\\Pipeline\\Pipeline.php(144): Illuminate\\Foundation\\Http\\Kernel->Illuminate\\Foundation\\Http\\{closure}(Object(Illuminate\\Http\\Request))
#51 C:\\Users\\rangg\\OneDrive\\Desktop\\OJAN\\project\\sign-skd\\vendor\\laravel\\framework\\src\\Illuminate\\Foundation\\Http\\Middleware\\TransformsRequest.php(21): Illuminate\\Pipeline\\Pipeline->Illuminate\\Pipeline\\{closure}(Object(Illuminate\\Http\\Request))
#52 C:\\Users\\rangg\\OneDrive\\Desktop\\OJAN\\project\\sign-skd\\vendor\\laravel\\framework\\src\\Illuminate\\Foundation\\Http\\Middleware\\ConvertEmptyStringsToNull.php(31): Illuminate\\Foundation\\Http\\Middleware\\TransformsRequest->handle(Object(Illuminate\\Http\\Request), Object(Closure))
#53 C:\\Users\\rangg\\OneDrive\\Desktop\\OJAN\\project\\sign-skd\\vendor\\laravel\\framework\\src\\Illuminate\\Pipeline\\Pipeline.php(183): Illuminate\\Foundation\\Http\\Middleware\\ConvertEmptyStringsToNull->handle(Object(Illuminate\\Http\\Request), Object(Closure))
#54 C:\\Users\\rangg\\OneDrive\\Desktop\\OJAN\\project\\sign-skd\\vendor\\laravel\\framework\\src\\Illuminate\\Foundation\\Http\\Middleware\\TransformsRequest.php(21): Illuminate\\Pipeline\\Pipeline->Illuminate\\Pipeline\\{closure}(Object(Illuminate\\Http\\Request))
#55 C:\\Users\\rangg\\OneDrive\\Desktop\\OJAN\\project\\sign-skd\\vendor\\laravel\\framework\\src\\Illuminate\\Foundation\\Http\\Middleware\\TrimStrings.php(40): Illuminate\\Foundation\\Http\\Middleware\\TransformsRequest->handle(Object(Illuminate\\Http\\Request), Object(Closure))
#56 C:\\Users\\rangg\\OneDrive\\Desktop\\OJAN\\project\\sign-skd\\vendor\\laravel\\framework\\src\\Illuminate\\Pipeline\\Pipeline.php(183): Illuminate\\Foundation\\Http\\Middleware\\TrimStrings->handle(Object(Illuminate\\Http\\Request), Object(Closure))
#57 C:\\Users\\rangg\\OneDrive\\Desktop\\OJAN\\project\\sign-skd\\vendor\\laravel\\framework\\src\\Illuminate\\Foundation\\Http\\Middleware\\ValidatePostSize.php(27): Illuminate\\Pipeline\\Pipeline->Illuminate\\Pipeline\\{closure}(Object(Illuminate\\Http\\Request))
#58 C:\\Users\\rangg\\OneDrive\\Desktop\\OJAN\\project\\sign-skd\\vendor\\laravel\\framework\\src\\Illuminate\\Pipeline\\Pipeline.php(183): Illuminate\\Foundation\\Http\\Middleware\\ValidatePostSize->handle(Object(Illuminate\\Http\\Request), Object(Closure))
#59 C:\\Users\\rangg\\OneDrive\\Desktop\\OJAN\\project\\sign-skd\\vendor\\laravel\\framework\\src\\Illuminate\\Foundation\\Http\\Middleware\\PreventRequestsDuringMaintenance.php(99): Illuminate\\Pipeline\\Pipeline->Illuminate\\Pipeline\\{closure}(Object(Illuminate\\Http\\Request))
#60 C:\\Users\\rangg\\OneDrive\\Desktop\\OJAN\\project\\sign-skd\\vendor\\laravel\\framework\\src\\Illuminate\\Pipeline\\Pipeline.php(183): Illuminate\\Foundation\\Http\\Middleware\\PreventRequestsDuringMaintenance->handle(Object(Illuminate\\Http\\Request), Object(Closure))
#61 C:\\Users\\rangg\\OneDrive\\Desktop\\OJAN\\project\\sign-skd\\vendor\\laravel\\framework\\src\\Illuminate\\Http\\Middleware\\HandleCors.php(49): Illuminate\\Pipeline\\Pipeline->Illuminate\\Pipeline\\{closure}(Object(Illuminate\\Http\\Request))
#62 C:\\Users\\rangg\\OneDrive\\Desktop\\OJAN\\project\\sign-skd\\vendor\\laravel\\framework\\src\\Illuminate\\Pipeline\\Pipeline.php(183): Illuminate\\Http\\Middleware\\HandleCors->handle(Object(Illuminate\\Http\\Request), Object(Closure))
#63 C:\\Users\\rangg\\OneDrive\\Desktop\\OJAN\\project\\sign-skd\\vendor\\laravel\\framework\\src\\Illuminate\\Http\\Middleware\\TrustProxies.php(39): Illuminate\\Pipeline\\Pipeline->Illuminate\\Pipeline\\{closure}(Object(Illuminate\\Http\\Request))
#64 C:\\Users\\rangg\\OneDrive\\Desktop\\OJAN\\project\\sign-skd\\vendor\\laravel\\framework\\src\\Illuminate\\Pipeline\\Pipeline.php(183): Illuminate\\Http\\Middleware\\TrustProxies->handle(Object(Illuminate\\Http\\Request), Object(Closure))
#65 C:\\Users\\rangg\\OneDrive\\Desktop\\OJAN\\project\\sign-skd\\vendor\\laravel\\framework\\src\\Illuminate\\Pipeline\\Pipeline.php(119): Illuminate\\Pipeline\\Pipeline->Illuminate\\Pipeline\\{closure}(Object(Illuminate\\Http\\Request))
#66 C:\\Users\\rangg\\OneDrive\\Desktop\\OJAN\\project\\sign-skd\\vendor\\laravel\\framework\\src\\Illuminate\\Foundation\\Http\\Kernel.php(175): Illuminate\\Pipeline\\Pipeline->then(Object(Closure))
#67 C:\\Users\\rangg\\OneDrive\\Desktop\\OJAN\\project\\sign-skd\\vendor\\laravel\\framework\\src\\Illuminate\\Foundation\\Http\\Kernel.php(144): Illuminate\\Foundation\\Http\\Kernel->sendRequestThroughRouter(Object(Illuminate\\Http\\Request))
#68 C:\\Users\\rangg\\OneDrive\\Desktop\\OJAN\\project\\sign-skd\\public\\index.php(51): Illuminate\\Foundation\\Http\\Kernel->handle(Object(Illuminate\\Http\\Request))
#69 C:\\Users\\rangg\\OneDrive\\Desktop\\OJAN\\project\\sign-skd\\vendor\\laravel\\framework\\src\\Illuminate\\Foundation\\resources\\server.php(16): require_once('C:\\\\Users\\\\rangg\\\\...')
#70 {main}
"} 
[2024-02-15 11:23:14] local.ERROR: Too few arguments to function route(), 0 passed in C:\Users\rangg\OneDrive\Desktop\OJAN\project\sign-skd\storage\framework\views\e3e4e4858f7ae9d3d1d6b2bdc0f7c60a.php on line 2 and at least 1 expected {"view":{"view":"C:\\Users\\rangg\\OneDrive\\Desktop\\OJAN\\project\\sign-skd\\resources\\views\\components\\auth-header.blade.php","data":{"errors":"<pre class=sf-dump id=sf-dump-1467441730 data-indent-pad=\"  \"><span class=sf-dump-note>Illuminate\\Support\\ViewErrorBag</span> {<a class=sf-dump-ref>#1297</a><samp data-depth=1 class=sf-dump-expanded>
  #<span class=sf-dump-protected title=\"Protected property\">bags</span>: []
</samp>}
</pre><script>Sfdump(\"sf-dump-1467441730\", {\"maxDepth\":3,\"maxStringLength\":160})</script>
"}},"exception":"[object] (Spatie\\LaravelIgnition\\Exceptions\\ViewException(code: 0): Too few arguments to function route(), 0 passed in C:\\Users\\rangg\\OneDrive\\Desktop\\OJAN\\project\\sign-skd\\storage\\framework\\views\\e3e4e4858f7ae9d3d1d6b2bdc0f7c60a.php on line 2 and at least 1 expected at C:\\Users\\rangg\\OneDrive\\Desktop\\OJAN\\project\\sign-skd\\vendor\\laravel\\framework\\src\\Illuminate\\Foundation\\helpers.php:809)
[stacktrace]
#0 C:\\Users\\rangg\\OneDrive\\Desktop\\OJAN\\project\\sign-skd\\resources\\views\\components\\auth-header.blade.php(2): route()
#1 C:\\Users\\rangg\\OneDrive\\Desktop\\OJAN\\project\\sign-skd\\vendor\\laravel\\framework\\src\\Illuminate\\Filesystem\\Filesystem.php(124): require('C:\\\\Users\\\\rangg\\\\...')
#2 C:\\Users\\rangg\\OneDrive\\Desktop\\OJAN\\project\\sign-skd\\vendor\\laravel\\framework\\src\\Illuminate\\Filesystem\\Filesystem.php(125): Illuminate\\Filesystem\\Filesystem::Illuminate\\Filesystem\\{closure}()
#3 C:\\Users\\rangg\\OneDrive\\Desktop\\OJAN\\project\\sign-skd\\vendor\\laravel\\framework\\src\\Illuminate\\View\\Engines\\PhpEngine.php(58): Illuminate\\Filesystem\\Filesystem->getRequire('C:\\\\Users\\\\rangg\\\\...', Array)
#4 C:\\Users\\rangg\\OneDrive\\Desktop\\OJAN\\project\\sign-skd\\vendor\\laravel\\framework\\src\\Illuminate\\View\\Engines\\CompilerEngine.php(72): Illuminate\\View\\Engines\\PhpEngine->evaluatePath('C:\\\\Users\\\\rangg\\\\...', Array)
#5 C:\\Users\\rangg\\OneDrive\\Desktop\\OJAN\\project\\sign-skd\\vendor\\laravel\\framework\\src\\Illuminate\\View\\View.php(207): Illuminate\\View\\Engines\\CompilerEngine->get('C:\\\\Users\\\\rangg\\\\...', Array)
#6 C:\\Users\\rangg\\OneDrive\\Desktop\\OJAN\\project\\sign-skd\\vendor\\laravel\\framework\\src\\Illuminate\\View\\View.php(190): Illuminate\\View\\View->getContents()
#7 C:\\Users\\rangg\\OneDrive\\Desktop\\OJAN\\project\\sign-skd\\vendor\\laravel\\framework\\src\\Illuminate\\View\\View.php(159): Illuminate\\View\\View->renderContents()
#8 C:\\Users\\rangg\\OneDrive\\Desktop\\OJAN\\project\\sign-skd\\resources\\views\\layouts\\auth.blade.php(42): Illuminate\\View\\View->render()
#9 C:\\Users\\rangg\\OneDrive\\Desktop\\OJAN\\project\\sign-skd\\vendor\\laravel\\framework\\src\\Illuminate\\Filesystem\\Filesystem.php(124): require('C:\\\\Users\\\\rangg\\\\...')
#10 C:\\Users\\rangg\\OneDrive\\Desktop\\OJAN\\project\\sign-skd\\vendor\\laravel\\framework\\src\\Illuminate\\Filesystem\\Filesystem.php(125): Illuminate\\Filesystem\\Filesystem::Illuminate\\Filesystem\\{closure}()
#11 C:\\Users\\rangg\\OneDrive\\Desktop\\OJAN\\project\\sign-skd\\vendor\\laravel\\framework\\src\\Illuminate\\View\\Engines\\PhpEngine.php(58): Illuminate\\Filesystem\\Filesystem->getRequire('C:\\\\Users\\\\rangg\\\\...', Array)
#12 C:\\Users\\rangg\\OneDrive\\Desktop\\OJAN\\project\\sign-skd\\vendor\\laravel\\framework\\src\\Illuminate\\View\\Engines\\CompilerEngine.php(72): Illuminate\\View\\Engines\\PhpEngine->evaluatePath('C:\\\\Users\\\\rangg\\\\...', Array)
#13 C:\\Users\\rangg\\OneDrive\\Desktop\\OJAN\\project\\sign-skd\\vendor\\laravel\\framework\\src\\Illuminate\\View\\View.php(207): Illuminate\\View\\Engines\\CompilerEngine->get('C:\\\\Users\\\\rangg\\\\...', Array)
#14 C:\\Users\\rangg\\OneDrive\\Desktop\\OJAN\\project\\sign-skd\\vendor\\laravel\\framework\\src\\Illuminate\\View\\View.php(190): Illuminate\\View\\View->getContents()
#15 C:\\Users\\rangg\\OneDrive\\Desktop\\OJAN\\project\\sign-skd\\vendor\\laravel\\framework\\src\\Illuminate\\View\\View.php(159): Illuminate\\View\\View->renderContents()
#16 C:\\Users\\rangg\\OneDrive\\Desktop\\OJAN\\project\\sign-skd\\resources\\views\\auth\\login.blade.php(47): Illuminate\\View\\View->render()
#17 C:\\Users\\rangg\\OneDrive\\Desktop\\OJAN\\project\\sign-skd\\vendor\\laravel\\framework\\src\\Illuminate\\Filesystem\\Filesystem.php(124): require('C:\\\\Users\\\\rangg\\\\...')
#18 C:\\Users\\rangg\\OneDrive\\Desktop\\OJAN\\project\\sign-skd\\vendor\\laravel\\framework\\src\\Illuminate\\Filesystem\\Filesystem.php(125): Illuminate\\Filesystem\\Filesystem::Illuminate\\Filesystem\\{closure}()
#19 C:\\Users\\rangg\\OneDrive\\Desktop\\OJAN\\project\\sign-skd\\vendor\\laravel\\framework\\src\\Illuminate\\View\\Engines\\PhpEngine.php(58): Illuminate\\Filesystem\\Filesystem->getRequire('C:\\\\Users\\\\rangg\\\\...', Array)
#20 C:\\Users\\rangg\\OneDrive\\Desktop\\OJAN\\project\\sign-skd\\vendor\\laravel\\framework\\src\\Illuminate\\View\\Engines\\CompilerEngine.php(72): Illuminate\\View\\Engines\\PhpEngine->evaluatePath('C:\\\\Users\\\\rangg\\\\...', Array)
#21 C:\\Users\\rangg\\OneDrive\\Desktop\\OJAN\\project\\sign-skd\\vendor\\laravel\\framework\\src\\Illuminate\\View\\View.php(207): Illuminate\\View\\Engines\\CompilerEngine->get('C:\\\\Users\\\\rangg\\\\...', Array)
#22 C:\\Users\\rangg\\OneDrive\\Desktop\\OJAN\\project\\sign-skd\\vendor\\laravel\\framework\\src\\Illuminate\\View\\View.php(190): Illuminate\\View\\View->getContents()
#23 C:\\Users\\rangg\\OneDrive\\Desktop\\OJAN\\project\\sign-skd\\vendor\\laravel\\framework\\src\\Illuminate\\View\\View.php(159): Illuminate\\View\\View->renderContents()
#24 C:\\Users\\rangg\\OneDrive\\Desktop\\OJAN\\project\\sign-skd\\vendor\\laravel\\framework\\src\\Illuminate\\Http\\Response.php(69): Illuminate\\View\\View->render()
#25 C:\\Users\\rangg\\OneDrive\\Desktop\\OJAN\\project\\sign-skd\\vendor\\laravel\\framework\\src\\Illuminate\\Http\\Response.php(35): Illuminate\\Http\\Response->setContent(Object(Illuminate\\View\\View))
#26 C:\\Users\\rangg\\OneDrive\\Desktop\\OJAN\\project\\sign-skd\\vendor\\laravel\\framework\\src\\Illuminate\\Routing\\Router.php(918): Illuminate\\Http\\Response->__construct(Object(Illuminate\\View\\View), 200, Array)
#27 C:\\Users\\rangg\\OneDrive\\Desktop\\OJAN\\project\\sign-skd\\vendor\\laravel\\framework\\src\\Illuminate\\Routing\\Router.php(885): Illuminate\\Routing\\Router::toResponse(Object(Illuminate\\Http\\Request), Object(Illuminate\\View\\View))
#28 C:\\Users\\rangg\\OneDrive\\Desktop\\OJAN\\project\\sign-skd\\vendor\\laravel\\framework\\src\\Illuminate\\Routing\\Router.php(805): Illuminate\\Routing\\Router->prepareResponse(Object(Illuminate\\Http\\Request), Object(Illuminate\\View\\View))
#29 C:\\Users\\rangg\\OneDrive\\Desktop\\OJAN\\project\\sign-skd\\vendor\\laravel\\framework\\src\\Illuminate\\Pipeline\\Pipeline.php(144): Illuminate\\Routing\\Router->Illuminate\\Routing\\{closure}(Object(Illuminate\\Http\\Request))
#30 C:\\Users\\rangg\\OneDrive\\Desktop\\OJAN\\project\\sign-skd\\app\\Http\\Middleware\\RedirectIfAuthenticated.php(30): Illuminate\\Pipeline\\Pipeline->Illuminate\\Pipeline\\{closure}(Object(Illuminate\\Http\\Request))
#31 C:\\Users\\rangg\\OneDrive\\Desktop\\OJAN\\project\\sign-skd\\vendor\\laravel\\framework\\src\\Illuminate\\Pipeline\\Pipeline.php(183): App\\Http\\Middleware\\RedirectIfAuthenticated->handle(Object(Illuminate\\Http\\Request), Object(Closure))
#32 C:\\Users\\rangg\\OneDrive\\Desktop\\OJAN\\project\\sign-skd\\vendor\\laravel\\framework\\src\\Illuminate\\Routing\\Middleware\\SubstituteBindings.php(50): Illuminate\\Pipeline\\Pipeline->Illuminate\\Pipeline\\{closure}(Object(Illuminate\\Http\\Request))
#33 C:\\Users\\rangg\\OneDrive\\Desktop\\OJAN\\project\\sign-skd\\vendor\\laravel\\framework\\src\\Illuminate\\Pipeline\\Pipeline.php(183): Illuminate\\Routing\\Middleware\\SubstituteBindings->handle(Object(Illuminate\\Http\\Request), Object(Closure))
#34 C:\\Users\\rangg\\OneDrive\\Desktop\\OJAN\\project\\sign-skd\\vendor\\laravel\\framework\\src\\Illuminate\\Foundation\\Http\\Middleware\\VerifyCsrfToken.php(78): Illuminate\\Pipeline\\Pipeline->Illuminate\\Pipeline\\{closure}(Object(Illuminate\\Http\\Request))
#35 C:\\Users\\rangg\\OneDrive\\Desktop\\OJAN\\project\\sign-skd\\vendor\\laravel\\framework\\src\\Illuminate\\Pipeline\\Pipeline.php(183): Illuminate\\Foundation\\Http\\Middleware\\VerifyCsrfToken->handle(Object(Illuminate\\Http\\Request), Object(Closure))
#36 C:\\Users\\rangg\\OneDrive\\Desktop\\OJAN\\project\\sign-skd\\vendor\\laravel\\framework\\src\\Illuminate\\View\\Middleware\\ShareErrorsFromSession.php(49): Illuminate\\Pipeline\\Pipeline->Illuminate\\Pipeline\\{closure}(Object(Illuminate\\Http\\Request))
#37 C:\\Users\\rangg\\OneDrive\\Desktop\\OJAN\\project\\sign-skd\\vendor\\laravel\\framework\\src\\Illuminate\\Pipeline\\Pipeline.php(183): Illuminate\\View\\Middleware\\ShareErrorsFromSession->handle(Object(Illuminate\\Http\\Request), Object(Closure))
#38 C:\\Users\\rangg\\OneDrive\\Desktop\\OJAN\\project\\sign-skd\\vendor\\laravel\\framework\\src\\Illuminate\\Session\\Middleware\\StartSession.php(121): Illuminate\\Pipeline\\Pipeline->Illuminate\\Pipeline\\{closure}(Object(Illuminate\\Http\\Request))
#39 C:\\Users\\rangg\\OneDrive\\Desktop\\OJAN\\project\\sign-skd\\vendor\\laravel\\framework\\src\\Illuminate\\Session\\Middleware\\StartSession.php(64): Illuminate\\Session\\Middleware\\StartSession->handleStatefulRequest(Object(Illuminate\\Http\\Request), Object(Illuminate\\Session\\Store), Object(Closure))
#40 C:\\Users\\rangg\\OneDrive\\Desktop\\OJAN\\project\\sign-skd\\vendor\\laravel\\framework\\src\\Illuminate\\Pipeline\\Pipeline.php(183): Illuminate\\Session\\Middleware\\StartSession->handle(Object(Illuminate\\Http\\Request), Object(Closure))
#41 C:\\Users\\rangg\\OneDrive\\Desktop\\OJAN\\project\\sign-skd\\vendor\\laravel\\framework\\src\\Illuminate\\Cookie\\Middleware\\AddQueuedCookiesToResponse.php(37): Illuminate\\Pipeline\\Pipeline->Illuminate\\Pipeline\\{closure}(Object(Illuminate\\Http\\Request))
#42 C:\\Users\\rangg\\OneDrive\\Desktop\\OJAN\\project\\sign-skd\\vendor\\laravel\\framework\\src\\Illuminate\\Pipeline\\Pipeline.php(183): Illuminate\\Cookie\\Middleware\\AddQueuedCookiesToResponse->handle(Object(Illuminate\\Http\\Request), Object(Closure))
#43 C:\\Users\\rangg\\OneDrive\\Desktop\\OJAN\\project\\sign-skd\\vendor\\laravel\\framework\\src\\Illuminate\\Cookie\\Middleware\\EncryptCookies.php(67): Illuminate\\Pipeline\\Pipeline->Illuminate\\Pipeline\\{closure}(Object(Illuminate\\Http\\Request))
#44 C:\\Users\\rangg\\OneDrive\\Desktop\\OJAN\\project\\sign-skd\\vendor\\laravel\\framework\\src\\Illuminate\\Pipeline\\Pipeline.php(183): Illuminate\\Cookie\\Middleware\\EncryptCookies->handle(Object(Illuminate\\Http\\Request), Object(Closure))
#45 C:\\Users\\rangg\\OneDrive\\Desktop\\OJAN\\project\\sign-skd\\vendor\\laravel\\framework\\src\\Illuminate\\Pipeline\\Pipeline.php(119): Illuminate\\Pipeline\\Pipeline->Illuminate\\Pipeline\\{closure}(Object(Illuminate\\Http\\Request))
#46 C:\\Users\\rangg\\OneDrive\\Desktop\\OJAN\\project\\sign-skd\\vendor\\laravel\\framework\\src\\Illuminate\\Routing\\Router.php(805): Illuminate\\Pipeline\\Pipeline->then(Object(Closure))
#47 C:\\Users\\rangg\\OneDrive\\Desktop\\OJAN\\project\\sign-skd\\vendor\\laravel\\framework\\src\\Illuminate\\Routing\\Router.php(784): Illuminate\\Routing\\Router->runRouteWithinStack(Object(Illuminate\\Routing\\Route), Object(Illuminate\\Http\\Request))
#48 C:\\Users\\rangg\\OneDrive\\Desktop\\OJAN\\project\\sign-skd\\vendor\\laravel\\framework\\src\\Illuminate\\Routing\\Router.php(748): Illuminate\\Routing\\Router->runRoute(Object(Illuminate\\Http\\Request), Object(Illuminate\\Routing\\Route))
#49 C:\\Users\\rangg\\OneDrive\\Desktop\\OJAN\\project\\sign-skd\\vendor\\laravel\\framework\\src\\Illuminate\\Routing\\Router.php(737): Illuminate\\Routing\\Router->dispatchToRoute(Object(Illuminate\\Http\\Request))
#50 C:\\Users\\rangg\\OneDrive\\Desktop\\OJAN\\project\\sign-skd\\vendor\\laravel\\framework\\src\\Illuminate\\Foundation\\Http\\Kernel.php(200): Illuminate\\Routing\\Router->dispatch(Object(Illuminate\\Http\\Request))
#51 C:\\Users\\rangg\\OneDrive\\Desktop\\OJAN\\project\\sign-skd\\vendor\\laravel\\framework\\src\\Illuminate\\Pipeline\\Pipeline.php(144): Illuminate\\Foundation\\Http\\Kernel->Illuminate\\Foundation\\Http\\{closure}(Object(Illuminate\\Http\\Request))
#52 C:\\Users\\rangg\\OneDrive\\Desktop\\OJAN\\project\\sign-skd\\vendor\\laravel\\framework\\src\\Illuminate\\Foundation\\Http\\Middleware\\TransformsRequest.php(21): Illuminate\\Pipeline\\Pipeline->Illuminate\\Pipeline\\{closure}(Object(Illuminate\\Http\\Request))
#53 C:\\Users\\rangg\\OneDrive\\Desktop\\OJAN\\project\\sign-skd\\vendor\\laravel\\framework\\src\\Illuminate\\Foundation\\Http\\Middleware\\ConvertEmptyStringsToNull.php(31): Illuminate\\Foundation\\Http\\Middleware\\TransformsRequest->handle(Object(Illuminate\\Http\\Request), Object(Closure))
#54 C:\\Users\\rangg\\OneDrive\\Desktop\\OJAN\\project\\sign-skd\\vendor\\laravel\\framework\\src\\Illuminate\\Pipeline\\Pipeline.php(183): Illuminate\\Foundation\\Http\\Middleware\\ConvertEmptyStringsToNull->handle(Object(Illuminate\\Http\\Request), Object(Closure))
#55 C:\\Users\\rangg\\OneDrive\\Desktop\\OJAN\\project\\sign-skd\\vendor\\laravel\\framework\\src\\Illuminate\\Foundation\\Http\\Middleware\\TransformsRequest.php(21): Illuminate\\Pipeline\\Pipeline->Illuminate\\Pipeline\\{closure}(Object(Illuminate\\Http\\Request))
#56 C:\\Users\\rangg\\OneDrive\\Desktop\\OJAN\\project\\sign-skd\\vendor\\laravel\\framework\\src\\Illuminate\\Foundation\\Http\\Middleware\\TrimStrings.php(40): Illuminate\\Foundation\\Http\\Middleware\\TransformsRequest->handle(Object(Illuminate\\Http\\Request), Object(Closure))
#57 C:\\Users\\rangg\\OneDrive\\Desktop\\OJAN\\project\\sign-skd\\vendor\\laravel\\framework\\src\\Illuminate\\Pipeline\\Pipeline.php(183): Illuminate\\Foundation\\Http\\Middleware\\TrimStrings->handle(Object(Illuminate\\Http\\Request), Object(Closure))
#58 C:\\Users\\rangg\\OneDrive\\Desktop\\OJAN\\project\\sign-skd\\vendor\\laravel\\framework\\src\\Illuminate\\Foundation\\Http\\Middleware\\ValidatePostSize.php(27): Illuminate\\Pipeline\\Pipeline->Illuminate\\Pipeline\\{closure}(Object(Illuminate\\Http\\Request))
#59 C:\\Users\\rangg\\OneDrive\\Desktop\\OJAN\\project\\sign-skd\\vendor\\laravel\\framework\\src\\Illuminate\\Pipeline\\Pipeline.php(183): Illuminate\\Foundation\\Http\\Middleware\\ValidatePostSize->handle(Object(Illuminate\\Http\\Request), Object(Closure))
#60 C:\\Users\\rangg\\OneDrive\\Desktop\\OJAN\\project\\sign-skd\\vendor\\laravel\\framework\\src\\Illuminate\\Foundation\\Http\\Middleware\\PreventRequestsDuringMaintenance.php(99): Illuminate\\Pipeline\\Pipeline->Illuminate\\Pipeline\\{closure}(Object(Illuminate\\Http\\Request))
#61 C:\\Users\\rangg\\OneDrive\\Desktop\\OJAN\\project\\sign-skd\\vendor\\laravel\\framework\\src\\Illuminate\\Pipeline\\Pipeline.php(183): Illuminate\\Foundation\\Http\\Middleware\\PreventRequestsDuringMaintenance->handle(Object(Illuminate\\Http\\Request), Object(Closure))
#62 C:\\Users\\rangg\\OneDrive\\Desktop\\OJAN\\project\\sign-skd\\vendor\\laravel\\framework\\src\\Illuminate\\Http\\Middleware\\HandleCors.php(49): Illuminate\\Pipeline\\Pipeline->Illuminate\\Pipeline\\{closure}(Object(Illuminate\\Http\\Request))
#63 C:\\Users\\rangg\\OneDrive\\Desktop\\OJAN\\project\\sign-skd\\vendor\\laravel\\framework\\src\\Illuminate\\Pipeline\\Pipeline.php(183): Illuminate\\Http\\Middleware\\HandleCors->handle(Object(Illuminate\\Http\\Request), Object(Closure))
#64 C:\\Users\\rangg\\OneDrive\\Desktop\\OJAN\\project\\sign-skd\\vendor\\laravel\\framework\\src\\Illuminate\\Http\\Middleware\\TrustProxies.php(39): Illuminate\\Pipeline\\Pipeline->Illuminate\\Pipeline\\{closure}(Object(Illuminate\\Http\\Request))
#65 C:\\Users\\rangg\\OneDrive\\Desktop\\OJAN\\project\\sign-skd\\vendor\\laravel\\framework\\src\\Illuminate\\Pipeline\\Pipeline.php(183): Illuminate\\Http\\Middleware\\TrustProxies->handle(Object(Illuminate\\Http\\Request), Object(Closure))
#66 C:\\Users\\rangg\\OneDrive\\Desktop\\OJAN\\project\\sign-skd\\vendor\\laravel\\framework\\src\\Illuminate\\Pipeline\\Pipeline.php(119): Illuminate\\Pipeline\\Pipeline->Illuminate\\Pipeline\\{closure}(Object(Illuminate\\Http\\Request))
#67 C:\\Users\\rangg\\OneDrive\\Desktop\\OJAN\\project\\sign-skd\\vendor\\laravel\\framework\\src\\Illuminate\\Foundation\\Http\\Kernel.php(175): Illuminate\\Pipeline\\Pipeline->then(Object(Closure))
#68 C:\\Users\\rangg\\OneDrive\\Desktop\\OJAN\\project\\sign-skd\\vendor\\laravel\\framework\\src\\Illuminate\\Foundation\\Http\\Kernel.php(144): Illuminate\\Foundation\\Http\\Kernel->sendRequestThroughRouter(Object(Illuminate\\Http\\Request))
#69 C:\\Users\\rangg\\OneDrive\\Desktop\\OJAN\\project\\sign-skd\\public\\index.php(51): Illuminate\\Foundation\\Http\\Kernel->handle(Object(Illuminate\\Http\\Request))
#70 C:\\Users\\rangg\\OneDrive\\Desktop\\OJAN\\project\\sign-skd\\vendor\\laravel\\framework\\src\\Illuminate\\Foundation\\resources\\server.php(16): require_once('C:\\\\Users\\\\rangg\\\\...')
#71 {main}

[previous exception] [object] (ArgumentCountError(code: 0): Too few arguments to function route(), 0 passed in C:\\Users\\rangg\\OneDrive\\Desktop\\OJAN\\project\\sign-skd\\storage\\framework\\views\\e3e4e4858f7ae9d3d1d6b2bdc0f7c60a.php on line 2 and at least 1 expected at C:\\Users\\rangg\\OneDrive\\Desktop\\OJAN\\project\\sign-skd\\vendor\\laravel\\framework\\src\\Illuminate\\Foundation\\helpers.php:809)
[stacktrace]
#0 C:\\Users\\rangg\\OneDrive\\Desktop\\OJAN\\project\\sign-skd\\storage\\framework\\views\\e3e4e4858f7ae9d3d1d6b2bdc0f7c60a.php(2): route()
#1 C:\\Users\\rangg\\OneDrive\\Desktop\\OJAN\\project\\sign-skd\\vendor\\laravel\\framework\\src\\Illuminate\\Filesystem\\Filesystem.php(124): require('C:\\\\Users\\\\rangg\\\\...')
#2 C:\\Users\\rangg\\OneDrive\\Desktop\\OJAN\\project\\sign-skd\\vendor\\laravel\\framework\\src\\Illuminate\\Filesystem\\Filesystem.php(125): Illuminate\\Filesystem\\Filesystem::Illuminate\\Filesystem\\{closure}()
#3 C:\\Users\\rangg\\OneDrive\\Desktop\\OJAN\\project\\sign-skd\\vendor\\laravel\\framework\\src\\Illuminate\\View\\Engines\\PhpEngine.php(58): Illuminate\\Filesystem\\Filesystem->getRequire('C:\\\\Users\\\\rangg\\\\...', Array)
#4 C:\\Users\\rangg\\OneDrive\\Desktop\\OJAN\\project\\sign-skd\\vendor\\laravel\\framework\\src\\Illuminate\\View\\Engines\\CompilerEngine.php(72): Illuminate\\View\\Engines\\PhpEngine->evaluatePath('C:\\\\Users\\\\rangg\\\\...', Array)
#5 C:\\Users\\rangg\\OneDrive\\Desktop\\OJAN\\project\\sign-skd\\vendor\\laravel\\framework\\src\\Illuminate\\View\\View.php(207): Illuminate\\View\\Engines\\CompilerEngine->get('C:\\\\Users\\\\rangg\\\\...', Array)
#6 C:\\Users\\rangg\\OneDrive\\Desktop\\OJAN\\project\\sign-skd\\vendor\\laravel\\framework\\src\\Illuminate\\View\\View.php(190): Illuminate\\View\\View->getContents()
#7 C:\\Users\\rangg\\OneDrive\\Desktop\\OJAN\\project\\sign-skd\\vendor\\laravel\\framework\\src\\Illuminate\\View\\View.php(159): Illuminate\\View\\View->renderContents()
#8 C:\\Users\\rangg\\OneDrive\\Desktop\\OJAN\\project\\sign-skd\\storage\\framework\\views\\7d54899859a1190bde4bdb3f3315707b.php(42): Illuminate\\View\\View->render()
#9 C:\\Users\\rangg\\OneDrive\\Desktop\\OJAN\\project\\sign-skd\\vendor\\laravel\\framework\\src\\Illuminate\\Filesystem\\Filesystem.php(124): require('C:\\\\Users\\\\rangg\\\\...')
#10 C:\\Users\\rangg\\OneDrive\\Desktop\\OJAN\\project\\sign-skd\\vendor\\laravel\\framework\\src\\Illuminate\\Filesystem\\Filesystem.php(125): Illuminate\\Filesystem\\Filesystem::Illuminate\\Filesystem\\{closure}()
#11 C:\\Users\\rangg\\OneDrive\\Desktop\\OJAN\\project\\sign-skd\\vendor\\laravel\\framework\\src\\Illuminate\\View\\Engines\\PhpEngine.php(58): Illuminate\\Filesystem\\Filesystem->getRequire('C:\\\\Users\\\\rangg\\\\...', Array)
#12 C:\\Users\\rangg\\OneDrive\\Desktop\\OJAN\\project\\sign-skd\\vendor\\laravel\\framework\\src\\Illuminate\\View\\Engines\\CompilerEngine.php(72): Illuminate\\View\\Engines\\PhpEngine->evaluatePath('C:\\\\Users\\\\rangg\\\\...', Array)
#13 C:\\Users\\rangg\\OneDrive\\Desktop\\OJAN\\project\\sign-skd\\vendor\\laravel\\framework\\src\\Illuminate\\View\\View.php(207): Illuminate\\View\\Engines\\CompilerEngine->get('C:\\\\Users\\\\rangg\\\\...', Array)
#14 C:\\Users\\rangg\\OneDrive\\Desktop\\OJAN\\project\\sign-skd\\vendor\\laravel\\framework\\src\\Illuminate\\View\\View.php(190): Illuminate\\View\\View->getContents()
#15 C:\\Users\\rangg\\OneDrive\\Desktop\\OJAN\\project\\sign-skd\\vendor\\laravel\\framework\\src\\Illuminate\\View\\View.php(159): Illuminate\\View\\View->renderContents()
#16 C:\\Users\\rangg\\OneDrive\\Desktop\\OJAN\\project\\sign-skd\\storage\\framework\\views\\ebdff340b71528db85fa9546d5a8cfaf.php(77): Illuminate\\View\\View->render()
#17 C:\\Users\\rangg\\OneDrive\\Desktop\\OJAN\\project\\sign-skd\\vendor\\laravel\\framework\\src\\Illuminate\\Filesystem\\Filesystem.php(124): require('C:\\\\Users\\\\rangg\\\\...')
#18 C:\\Users\\rangg\\OneDrive\\Desktop\\OJAN\\project\\sign-skd\\vendor\\laravel\\framework\\src\\Illuminate\\Filesystem\\Filesystem.php(125): Illuminate\\Filesystem\\Filesystem::Illuminate\\Filesystem\\{closure}()
#19 C:\\Users\\rangg\\OneDrive\\Desktop\\OJAN\\project\\sign-skd\\vendor\\laravel\\framework\\src\\Illuminate\\View\\Engines\\PhpEngine.php(58): Illuminate\\Filesystem\\Filesystem->getRequire('C:\\\\Users\\\\rangg\\\\...', Array)
#20 C:\\Users\\rangg\\OneDrive\\Desktop\\OJAN\\project\\sign-skd\\vendor\\laravel\\framework\\src\\Illuminate\\View\\Engines\\CompilerEngine.php(72): Illuminate\\View\\Engines\\PhpEngine->evaluatePath('C:\\\\Users\\\\rangg\\\\...', Array)
#21 C:\\Users\\rangg\\OneDrive\\Desktop\\OJAN\\project\\sign-skd\\vendor\\laravel\\framework\\src\\Illuminate\\View\\View.php(207): Illuminate\\View\\Engines\\CompilerEngine->get('C:\\\\Users\\\\rangg\\\\...', Array)
#22 C:\\Users\\rangg\\OneDrive\\Desktop\\OJAN\\project\\sign-skd\\vendor\\laravel\\framework\\src\\Illuminate\\View\\View.php(190): Illuminate\\View\\View->getContents()
#23 C:\\Users\\rangg\\OneDrive\\Desktop\\OJAN\\project\\sign-skd\\vendor\\laravel\\framework\\src\\Illuminate\\View\\View.php(159): Illuminate\\View\\View->renderContents()
#24 C:\\Users\\rangg\\OneDrive\\Desktop\\OJAN\\project\\sign-skd\\vendor\\laravel\\framework\\src\\Illuminate\\Http\\Response.php(69): Illuminate\\View\\View->render()
#25 C:\\Users\\rangg\\OneDrive\\Desktop\\OJAN\\project\\sign-skd\\vendor\\laravel\\framework\\src\\Illuminate\\Http\\Response.php(35): Illuminate\\Http\\Response->setContent(Object(Illuminate\\View\\View))
#26 C:\\Users\\rangg\\OneDrive\\Desktop\\OJAN\\project\\sign-skd\\vendor\\laravel\\framework\\src\\Illuminate\\Routing\\Router.php(918): Illuminate\\Http\\Response->__construct(Object(Illuminate\\View\\View), 200, Array)
#27 C:\\Users\\rangg\\OneDrive\\Desktop\\OJAN\\project\\sign-skd\\vendor\\laravel\\framework\\src\\Illuminate\\Routing\\Router.php(885): Illuminate\\Routing\\Router::toResponse(Object(Illuminate\\Http\\Request), Object(Illuminate\\View\\View))
#28 C:\\Users\\rangg\\OneDrive\\Desktop\\OJAN\\project\\sign-skd\\vendor\\laravel\\framework\\src\\Illuminate\\Routing\\Router.php(805): Illuminate\\Routing\\Router->prepareResponse(Object(Illuminate\\Http\\Request), Object(Illuminate\\View\\View))
#29 C:\\Users\\rangg\\OneDrive\\Desktop\\OJAN\\project\\sign-skd\\vendor\\laravel\\framework\\src\\Illuminate\\Pipeline\\Pipeline.php(144): Illuminate\\Routing\\Router->Illuminate\\Routing\\{closure}(Object(Illuminate\\Http\\Request))
#30 C:\\Users\\rangg\\OneDrive\\Desktop\\OJAN\\project\\sign-skd\\app\\Http\\Middleware\\RedirectIfAuthenticated.php(30): Illuminate\\Pipeline\\Pipeline->Illuminate\\Pipeline\\{closure}(Object(Illuminate\\Http\\Request))
#31 C:\\Users\\rangg\\OneDrive\\Desktop\\OJAN\\project\\sign-skd\\vendor\\laravel\\framework\\src\\Illuminate\\Pipeline\\Pipeline.php(183): App\\Http\\Middleware\\RedirectIfAuthenticated->handle(Object(Illuminate\\Http\\Request), Object(Closure))
#32 C:\\Users\\rangg\\OneDrive\\Desktop\\OJAN\\project\\sign-skd\\vendor\\laravel\\framework\\src\\Illuminate\\Routing\\Middleware\\SubstituteBindings.php(50): Illuminate\\Pipeline\\Pipeline->Illuminate\\Pipeline\\{closure}(Object(Illuminate\\Http\\Request))
#33 C:\\Users\\rangg\\OneDrive\\Desktop\\OJAN\\project\\sign-skd\\vendor\\laravel\\framework\\src\\Illuminate\\Pipeline\\Pipeline.php(183): Illuminate\\Routing\\Middleware\\SubstituteBindings->handle(Object(Illuminate\\Http\\Request), Object(Closure))
#34 C:\\Users\\rangg\\OneDrive\\Desktop\\OJAN\\project\\sign-skd\\vendor\\laravel\\framework\\src\\Illuminate\\Foundation\\Http\\Middleware\\VerifyCsrfToken.php(78): Illuminate\\Pipeline\\Pipeline->Illuminate\\Pipeline\\{closure}(Object(Illuminate\\Http\\Request))
#35 C:\\Users\\rangg\\OneDrive\\Desktop\\OJAN\\project\\sign-skd\\vendor\\laravel\\framework\\src\\Illuminate\\Pipeline\\Pipeline.php(183): Illuminate\\Foundation\\Http\\Middleware\\VerifyCsrfToken->handle(Object(Illuminate\\Http\\Request), Object(Closure))
#36 C:\\Users\\rangg\\OneDrive\\Desktop\\OJAN\\project\\sign-skd\\vendor\\laravel\\framework\\src\\Illuminate\\View\\Middleware\\ShareErrorsFromSession.php(49): Illuminate\\Pipeline\\Pipeline->Illuminate\\Pipeline\\{closure}(Object(Illuminate\\Http\\Request))
#37 C:\\Users\\rangg\\OneDrive\\Desktop\\OJAN\\project\\sign-skd\\vendor\\laravel\\framework\\src\\Illuminate\\Pipeline\\Pipeline.php(183): Illuminate\\View\\Middleware\\ShareErrorsFromSession->handle(Object(Illuminate\\Http\\Request), Object(Closure))
#38 C:\\Users\\rangg\\OneDrive\\Desktop\\OJAN\\project\\sign-skd\\vendor\\laravel\\framework\\src\\Illuminate\\Session\\Middleware\\StartSession.php(121): Illuminate\\Pipeline\\Pipeline->Illuminate\\Pipeline\\{closure}(Object(Illuminate\\Http\\Request))
#39 C:\\Users\\rangg\\OneDrive\\Desktop\\OJAN\\project\\sign-skd\\vendor\\laravel\\framework\\src\\Illuminate\\Session\\Middleware\\StartSession.php(64): Illuminate\\Session\\Middleware\\StartSession->handleStatefulRequest(Object(Illuminate\\Http\\Request), Object(Illuminate\\Session\\Store), Object(Closure))
#40 C:\\Users\\rangg\\OneDrive\\Desktop\\OJAN\\project\\sign-skd\\vendor\\laravel\\framework\\src\\Illuminate\\Pipeline\\Pipeline.php(183): Illuminate\\Session\\Middleware\\StartSession->handle(Object(Illuminate\\Http\\Request), Object(Closure))
#41 C:\\Users\\rangg\\OneDrive\\Desktop\\OJAN\\project\\sign-skd\\vendor\\laravel\\framework\\src\\Illuminate\\Cookie\\Middleware\\AddQueuedCookiesToResponse.php(37): Illuminate\\Pipeline\\Pipeline->Illuminate\\Pipeline\\{closure}(Object(Illuminate\\Http\\Request))
#42 C:\\Users\\rangg\\OneDrive\\Desktop\\OJAN\\project\\sign-skd\\vendor\\laravel\\framework\\src\\Illuminate\\Pipeline\\Pipeline.php(183): Illuminate\\Cookie\\Middleware\\AddQueuedCookiesToResponse->handle(Object(Illuminate\\Http\\Request), Object(Closure))
#43 C:\\Users\\rangg\\OneDrive\\Desktop\\OJAN\\project\\sign-skd\\vendor\\laravel\\framework\\src\\Illuminate\\Cookie\\Middleware\\EncryptCookies.php(67): Illuminate\\Pipeline\\Pipeline->Illuminate\\Pipeline\\{closure}(Object(Illuminate\\Http\\Request))
#44 C:\\Users\\rangg\\OneDrive\\Desktop\\OJAN\\project\\sign-skd\\vendor\\laravel\\framework\\src\\Illuminate\\Pipeline\\Pipeline.php(183): Illuminate\\Cookie\\Middleware\\EncryptCookies->handle(Object(Illuminate\\Http\\Request), Object(Closure))
#45 C:\\Users\\rangg\\OneDrive\\Desktop\\OJAN\\project\\sign-skd\\vendor\\laravel\\framework\\src\\Illuminate\\Pipeline\\Pipeline.php(119): Illuminate\\Pipeline\\Pipeline->Illuminate\\Pipeline\\{closure}(Object(Illuminate\\Http\\Request))
#46 C:\\Users\\rangg\\OneDrive\\Desktop\\OJAN\\project\\sign-skd\\vendor\\laravel\\framework\\src\\Illuminate\\Routing\\Router.php(805): Illuminate\\Pipeline\\Pipeline->then(Object(Closure))
#47 C:\\Users\\rangg\\OneDrive\\Desktop\\OJAN\\project\\sign-skd\\vendor\\laravel\\framework\\src\\Illuminate\\Routing\\Router.php(784): Illuminate\\Routing\\Router->runRouteWithinStack(Object(Illuminate\\Routing\\Route), Object(Illuminate\\Http\\Request))
#48 C:\\Users\\rangg\\OneDrive\\Desktop\\OJAN\\project\\sign-skd\\vendor\\laravel\\framework\\src\\Illuminate\\Routing\\Router.php(748): Illuminate\\Routing\\Router->runRoute(Object(Illuminate\\Http\\Request), Object(Illuminate\\Routing\\Route))
#49 C:\\Users\\rangg\\OneDrive\\Desktop\\OJAN\\project\\sign-skd\\vendor\\laravel\\framework\\src\\Illuminate\\Routing\\Router.php(737): Illuminate\\Routing\\Router->dispatchToRoute(Object(Illuminate\\Http\\Request))
#50 C:\\Users\\rangg\\OneDrive\\Desktop\\OJAN\\project\\sign-skd\\vendor\\laravel\\framework\\src\\Illuminate\\Foundation\\Http\\Kernel.php(200): Illuminate\\Routing\\Router->dispatch(Object(Illuminate\\Http\\Request))
#51 C:\\Users\\rangg\\OneDrive\\Desktop\\OJAN\\project\\sign-skd\\vendor\\laravel\\framework\\src\\Illuminate\\Pipeline\\Pipeline.php(144): Illuminate\\Foundation\\Http\\Kernel->Illuminate\\Foundation\\Http\\{closure}(Object(Illuminate\\Http\\Request))
#52 C:\\Users\\rangg\\OneDrive\\Desktop\\OJAN\\project\\sign-skd\\vendor\\laravel\\framework\\src\\Illuminate\\Foundation\\Http\\Middleware\\TransformsRequest.php(21): Illuminate\\Pipeline\\Pipeline->Illuminate\\Pipeline\\{closure}(Object(Illuminate\\Http\\Request))
#53 C:\\Users\\rangg\\OneDrive\\Desktop\\OJAN\\project\\sign-skd\\vendor\\laravel\\framework\\src\\Illuminate\\Foundation\\Http\\Middleware\\ConvertEmptyStringsToNull.php(31): Illuminate\\Foundation\\Http\\Middleware\\TransformsRequest->handle(Object(Illuminate\\Http\\Request), Object(Closure))
#54 C:\\Users\\rangg\\OneDrive\\Desktop\\OJAN\\project\\sign-skd\\vendor\\laravel\\framework\\src\\Illuminate\\Pipeline\\Pipeline.php(183): Illuminate\\Foundation\\Http\\Middleware\\ConvertEmptyStringsToNull->handle(Object(Illuminate\\Http\\Request), Object(Closure))
#55 C:\\Users\\rangg\\OneDrive\\Desktop\\OJAN\\project\\sign-skd\\vendor\\laravel\\framework\\src\\Illuminate\\Foundation\\Http\\Middleware\\TransformsRequest.php(21): Illuminate\\Pipeline\\Pipeline->Illuminate\\Pipeline\\{closure}(Object(Illuminate\\Http\\Request))
#56 C:\\Users\\rangg\\OneDrive\\Desktop\\OJAN\\project\\sign-skd\\vendor\\laravel\\framework\\src\\Illuminate\\Foundation\\Http\\Middleware\\TrimStrings.php(40): Illuminate\\Foundation\\Http\\Middleware\\TransformsRequest->handle(Object(Illuminate\\Http\\Request), Object(Closure))
#57 C:\\Users\\rangg\\OneDrive\\Desktop\\OJAN\\project\\sign-skd\\vendor\\laravel\\framework\\src\\Illuminate\\Pipeline\\Pipeline.php(183): Illuminate\\Foundation\\Http\\Middleware\\TrimStrings->handle(Object(Illuminate\\Http\\Request), Object(Closure))
#58 C:\\Users\\rangg\\OneDrive\\Desktop\\OJAN\\project\\sign-skd\\vendor\\laravel\\framework\\src\\Illuminate\\Foundation\\Http\\Middleware\\ValidatePostSize.php(27): Illuminate\\Pipeline\\Pipeline->Illuminate\\Pipeline\\{closure}(Object(Illuminate\\Http\\Request))
#59 C:\\Users\\rangg\\OneDrive\\Desktop\\OJAN\\project\\sign-skd\\vendor\\laravel\\framework\\src\\Illuminate\\Pipeline\\Pipeline.php(183): Illuminate\\Foundation\\Http\\Middleware\\ValidatePostSize->handle(Object(Illuminate\\Http\\Request), Object(Closure))
#60 C:\\Users\\rangg\\OneDrive\\Desktop\\OJAN\\project\\sign-skd\\vendor\\laravel\\framework\\src\\Illuminate\\Foundation\\Http\\Middleware\\PreventRequestsDuringMaintenance.php(99): Illuminate\\Pipeline\\Pipeline->Illuminate\\Pipeline\\{closure}(Object(Illuminate\\Http\\Request))
#61 C:\\Users\\rangg\\OneDrive\\Desktop\\OJAN\\project\\sign-skd\\vendor\\laravel\\framework\\src\\Illuminate\\Pipeline\\Pipeline.php(183): Illuminate\\Foundation\\Http\\Middleware\\PreventRequestsDuringMaintenance->handle(Object(Illuminate\\Http\\Request), Object(Closure))
#62 C:\\Users\\rangg\\OneDrive\\Desktop\\OJAN\\project\\sign-skd\\vendor\\laravel\\framework\\src\\Illuminate\\Http\\Middleware\\HandleCors.php(49): Illuminate\\Pipeline\\Pipeline->Illuminate\\Pipeline\\{closure}(Object(Illuminate\\Http\\Request))
#63 C:\\Users\\rangg\\OneDrive\\Desktop\\OJAN\\project\\sign-skd\\vendor\\laravel\\framework\\src\\Illuminate\\Pipeline\\Pipeline.php(183): Illuminate\\Http\\Middleware\\HandleCors->handle(Object(Illuminate\\Http\\Request), Object(Closure))
#64 C:\\Users\\rangg\\OneDrive\\Desktop\\OJAN\\project\\sign-skd\\vendor\\laravel\\framework\\src\\Illuminate\\Http\\Middleware\\TrustProxies.php(39): Illuminate\\Pipeline\\Pipeline->Illuminate\\Pipeline\\{closure}(Object(Illuminate\\Http\\Request))
#65 C:\\Users\\rangg\\OneDrive\\Desktop\\OJAN\\project\\sign-skd\\vendor\\laravel\\framework\\src\\Illuminate\\Pipeline\\Pipeline.php(183): Illuminate\\Http\\Middleware\\TrustProxies->handle(Object(Illuminate\\Http\\Request), Object(Closure))
#66 C:\\Users\\rangg\\OneDrive\\Desktop\\OJAN\\project\\sign-skd\\vendor\\laravel\\framework\\src\\Illuminate\\Pipeline\\Pipeline.php(119): Illuminate\\Pipeline\\Pipeline->Illuminate\\Pipeline\\{closure}(Object(Illuminate\\Http\\Request))
#67 C:\\Users\\rangg\\OneDrive\\Desktop\\OJAN\\project\\sign-skd\\vendor\\laravel\\framework\\src\\Illuminate\\Foundation\\Http\\Kernel.php(175): Illuminate\\Pipeline\\Pipeline->then(Object(Closure))
#68 C:\\Users\\rangg\\OneDrive\\Desktop\\OJAN\\project\\sign-skd\\vendor\\laravel\\framework\\src\\Illuminate\\Foundation\\Http\\Kernel.php(144): Illuminate\\Foundation\\Http\\Kernel->sendRequestThroughRouter(Object(Illuminate\\Http\\Request))
#69 C:\\Users\\rangg\\OneDrive\\Desktop\\OJAN\\project\\sign-skd\\public\\index.php(51): Illuminate\\Foundation\\Http\\Kernel->handle(Object(Illuminate\\Http\\Request))
#70 C:\\Users\\rangg\\OneDrive\\Desktop\\OJAN\\project\\sign-skd\\vendor\\laravel\\framework\\src\\Illuminate\\Foundation\\resources\\server.php(16): require_once('C:\\\\Users\\\\rangg\\\\...')
#71 {main}
"} 
